<?xml version="1.0" encoding="UTF-8"?>
<testng-results ignored="0" total="1" passed="1" failed="0" skipped="0">
  <reporter-output>
  </reporter-output>
  <suite started-at="2024-04-05T20:59:41 IST" name="Default suite" finished-at="2024-04-05T21:00:21 IST" duration-ms="39992">
    <groups>
    </groups>
    <test started-at="2024-04-05T20:59:41 IST" name="Default test" finished-at="2024-04-05T21:00:21 IST" duration-ms="39992">
      <class name="test.Tests">
        <test-method is-config="true" signature="Url()[pri:0, instance:test.Tests@f6efaab]" started-at="2024-04-05T20:59:41 IST" name="Url" finished-at="2024-04-05T20:59:49 IST" duration-ms="7987" status="PASS">
          <reporter-output>
          </reporter-output>
        </test-method> <!-- Url -->
        <test-method signature="tests()[pri:0, instance:test.Tests@f6efaab]" started-at="2024-04-05T20:59:49 IST" name="tests" finished-at="2024-04-05T21:00:21 IST" duration-ms="31897" status="PASS">
          <reporter-output>
          </reporter-output>
        </test-method> <!-- tests -->
      </class> <!-- test.Tests -->
    </test> <!-- Default test -->
  </suite> <!-- Default suite -->
</testng-results>
